<?xml version="1.0" encoding="UTF-8"?>
<testng-results skipped="0" failed="0" ignored="0" total="1" passed="1">
  <reporter-output>
  </reporter-output>
  <suite name="Default suite" duration-ms="24836" started-at="2018-04-20T12:44:45Z" finished-at="2018-04-20T12:45:10Z">
    <groups>
    </groups>
    <test name="Default test" duration-ms="24836" started-at="2018-04-20T12:44:45Z" finished-at="2018-04-20T12:45:10Z">
      <class name="testcases.TC007_DuplicateLead">
        <test-method status="PASS" signature="beforeSuite()[pri:0, instance:testcases.TC007_DuplicateLead@10366b4]" name="beforeSuite" is-config="true" duration-ms="516" started-at="2018-04-20T12:44:45Z" finished-at="2018-04-20T12:44:45Z">
          <reporter-output>
          </reporter-output>
        </test-method> <!-- beforeSuite -->
        <test-method status="PASS" signature="setData()[pri:0, instance:testcases.TC007_DuplicateLead@10366b4]" name="setData" is-config="true" duration-ms="0" started-at="2018-04-20T12:44:45Z" finished-at="2018-04-20T12:44:45Z">
          <reporter-output>
          </reporter-output>
        </test-method> <!-- setData -->
        <test-method status="PASS" signature="beforeClass()[pri:0, instance:testcases.TC007_DuplicateLead@10366b4]" name="beforeClass" is-config="true" duration-ms="16" started-at="2018-04-20T12:44:45Z" finished-at="2018-04-20T12:44:45Z">
          <reporter-output>
          </reporter-output>
        </test-method> <!-- beforeClass -->
        <test-method status="PASS" signature="beforeMethod()[pri:0, instance:testcases.TC007_DuplicateLead@10366b4]" name="beforeMethod" is-config="true" duration-ms="7000" started-at="2018-04-20T12:44:46Z" finished-at="2018-04-20T12:44:53Z">
          <reporter-output>
          </reporter-output>
        </test-method> <!-- beforeMethod -->
        <test-method status="PASS" signature="DuplicateLead(java.lang.String, java.lang.String, java.lang.String, java.lang.String, java.lang.String)[pri:0, instance:testcases.TC007_DuplicateLead@10366b4]" name="DuplicateLead" duration-ms="16217" started-at="2018-04-20T12:44:53Z" data-provider="fetchData" finished-at="2018-04-20T12:45:09Z">
          <params>
            <param index="0">
              <value>
                <![CDATA[DemoSalesManager]]>
              </value>
            </param>
            <param index="1">
              <value>
                <![CDATA[crmsfa]]>
              </value>
            </param>
            <param index="2">
              <value>
                <![CDATA[syed.musavir@leaftaps.com]]>
              </value>
            </param>
            <param index="3">
              <value>
                <![CDATA[Syed]]>
              </value>
            </param>
            <param index="4">
              <value>
                <![CDATA[Musavir]]>
              </value>
            </param>
          </params>
          <reporter-output>
          </reporter-output>
        </test-method> <!-- DuplicateLead -->
        <test-method status="PASS" signature="afterMethod()[pri:0, instance:testcases.TC007_DuplicateLead@10366b4]" name="afterMethod" is-config="true" duration-ms="1004" started-at="2018-04-20T12:45:09Z" finished-at="2018-04-20T12:45:10Z">
          <reporter-output>
          </reporter-output>
        </test-method> <!-- afterMethod -->
        <test-method status="PASS" signature="afterTest()[pri:0, instance:testcases.TC007_DuplicateLead@10366b4]" name="afterTest" is-config="true" duration-ms="0" started-at="2018-04-20T12:45:10Z" finished-at="2018-04-20T12:45:10Z">
          <reporter-output>
          </reporter-output>
        </test-method> <!-- afterTest -->
        <test-method status="PASS" signature="afterSuite()[pri:0, instance:testcases.TC007_DuplicateLead@10366b4]" name="afterSuite" is-config="true" duration-ms="359" started-at="2018-04-20T12:45:10Z" finished-at="2018-04-20T12:45:10Z">
          <reporter-output>
          </reporter-output>
        </test-method> <!-- afterSuite -->
      </class> <!-- testcases.TC007_DuplicateLead -->
    </test> <!-- Default test -->
  </suite> <!-- Default suite -->
</testng-results>
